TN:
SF:client/src/components/App.jsx
FN:5,App
FNF:1
FNH:1
FNDA:1,App
DA:1,1
DA:2,1
DA:3,1
DA:4,1
DA:5,1
DA:6,1
DA:7,1
DA:8,1
DA:9,1
DA:10,1
DA:11,1
LF:11
LH:11
BRDA:5,0,0,1
BRF:1
BRH:1
end_of_record
TN:
SF:client/src/shared/api.js
FN:3,getProducts
FN:13,getReviews
FN:19,getMeta
FN:25,getQuestions
FN:31,getAnswers
FNF:5
FNH:0
FNDA:0,getProducts
FNDA:0,getReviews
FNDA:0,getMeta
FNDA:0,getQuestions
FNDA:0,getAnswers
DA:1,1
DA:2,1
DA:3,1
DA:4,0
DA:5,0
DA:6,0
DA:7,0
DA:8,0
DA:9,0
DA:10,0
DA:11,0
DA:12,1
DA:13,1
DA:14,0
DA:15,0
DA:16,0
DA:17,0
DA:18,1
DA:19,1
DA:20,0
DA:21,0
DA:22,0
DA:23,0
DA:24,1
DA:25,1
DA:26,0
DA:27,0
DA:28,0
DA:29,0
DA:30,1
DA:31,1
DA:32,0
DA:33,0
DA:34,0
DA:35,0
LF:35
LH:11
BRF:0
BRH:0
end_of_record
