TN:
SF:client/src/components/App.jsx
FN:4,App
FNF:1
FNH:1
FNDA:1,App
DA:1,1
DA:2,1
DA:3,1
DA:4,1
DA:5,1
DA:6,1
DA:7,1
DA:8,1
DA:9,1
DA:10,1
DA:11,1
DA:12,1
DA:13,1
DA:14,1
DA:15,1
DA:16,1
DA:17,1
LF:17
LH:17
BRDA:4,0,0,1
BRF:1
BRH:1
end_of_record
TN:
SF:client/src/components/QA/Answers.jsx
FN:3,Answers
FNF:1
FNH:0
FNDA:0,Answers
DA:1,1
DA:2,1
DA:3,1
DA:4,0
DA:5,0
DA:6,0
DA:7,0
DA:8,0
DA:9,0
DA:10,0
DA:11,1
LF:11
LH:4
BRF:0
BRH:0
end_of_record
TN:
SF:client/src/components/QA/QAsection.jsx
FN:6,QAsection
FN:10,fetchData
FNF:2
FNH:2
FNDA:1,QAsection
FNDA:1,fetchData
DA:1,1
DA:2,1
DA:3,1
DA:4,1
DA:5,1
DA:6,1
DA:7,1
DA:8,1
DA:9,1
DA:10,1
DA:11,1
DA:12,0
DA:13,0
DA:14,0
DA:15,0
DA:16,0
DA:17,0
DA:18,0
DA:19,0
DA:20,0
DA:21,0
DA:22,0
DA:23,0
DA:24,0
DA:25,0
DA:26,0
DA:27,0
DA:28,1
DA:29,1
DA:30,1
DA:31,1
DA:32,1
DA:33,1
DA:34,1
DA:35,1
DA:36,1
DA:37,1
DA:38,1
DA:39,1
DA:40,1
DA:41,1
DA:42,1
DA:43,1
DA:44,1
DA:45,1
DA:46,1
DA:47,1
DA:48,1
DA:49,1
DA:50,1
DA:51,1
DA:52,1
DA:53,1
DA:54,1
LF:54
LH:38
BRDA:6,0,0,1
BRDA:9,1,0,1
BRDA:10,2,0,1
BRF:3
BRH:3
end_of_record
TN:
SF:client/src/components/QA/Questions.jsx
FN:4,Questions
FN:13,showMoreQuestions
FNF:2
FNH:1
FNDA:2,Questions
FNDA:0,showMoreQuestions
DA:1,1
DA:2,1
DA:3,1
DA:4,1
DA:5,2
DA:6,2
DA:7,2
DA:8,2
DA:9,1
DA:10,1
DA:11,2
DA:12,2
DA:13,2
DA:14,0
DA:15,0
DA:16,0
DA:17,2
DA:18,2
DA:19,2
DA:20,2
DA:21,2
DA:22,2
DA:23,2
DA:24,2
DA:25,2
DA:26,2
DA:27,2
DA:28,2
DA:29,2
DA:30,2
DA:31,2
DA:32,2
DA:33,2
DA:34,2
DA:35,2
DA:36,2
DA:37,2
DA:38,2
DA:39,2
DA:40,2
DA:41,2
DA:42,2
DA:43,2
DA:44,2
DA:45,2
DA:46,2
DA:47,2
DA:48,2
DA:49,2
DA:50,2
DA:51,2
DA:52,1
DA:53,1
LF:53
LH:50
BRDA:4,0,0,2
BRDA:42,1,0,0
BRDA:45,2,0,0
BRDA:45,3,0,0
BRDA:46,4,0,0
BRDA:8,5,0,1
BRF:6
BRH:2
end_of_record
TN:
SF:client/src/shared/api.js
FN:3,getProducts
FN:11,getReviews
FN:12,getMeta
FN:13,getQuestions
FN:14,getAnswers
FNF:5
FNH:1
FNDA:0,getProducts
FNDA:0,getReviews
FNDA:0,getMeta
FNDA:1,getQuestions
FNDA:0,getAnswers
DA:1,1
DA:2,1
DA:3,1
DA:4,0
DA:5,0
DA:6,0
DA:7,0
DA:8,0
DA:9,0
DA:10,0
DA:11,1
DA:12,1
DA:13,1
DA:14,1
LF:14
LH:7
BRDA:13,0,0,1
BRF:1
BRH:1
end_of_record
